#
# There is insufficient memory for the Java Runtime Environment to continue.
# Native memory allocation (malloc) failed to allocate 1002976 bytes for Chunk::new
# Possible reasons:
#   The system is out of physical RAM or swap space
#   The process is running with CompressedOops enabled, and the Java Heap may be blocking the growth of the native heap
# Possible solutions:
#   Reduce memory load on the system
#   Increase physical memory or swap space
#   Check if swap backing store is full
#   Decrease Java heap size (-Xmx/-Xms)
#   Decrease number of Java threads
#   Decrease Java thread stack sizes (-Xss)
#   Set larger code cache with -XX:ReservedCodeCacheSize=
#   JVM is running with Unscaled Compressed Oops mode in which the Java heap is
#     placed in the first 4GB address space. The Java Heap base address is the
#     maximum limit for the native heap growth. Please use -XX:HeapBaseMinAddress
#     to set the Java Heap base and to place the Java Heap above 4GB virtual address.
# This output file may be truncated or incomplete.
#
#  Out of Memory Error (allocation.cpp:389), pid=20152, tid=0x00000000000038c8
#
# JRE version: OpenJDK Runtime Environment (8.0_202-b03) (build 1.8.0_202-release-1483-b03)
# Java VM: OpenJDK 64-Bit Server VM (25.202-b03 mixed mode windows-amd64 compressed oops)
# Failed to write core dump. Minidumps are not enabled by default on client versions of Windows
#

---------------  T H R E A D  ---------------

Current thread (0x00000000161e2800):  JavaThread "C2 CompilerThread1" daemon [_thread_in_native, id=14536, stack(0x0000000017960000,0x0000000017a60000)]

Stack: [0x0000000017960000,0x0000000017a60000]
[error occurred during error reporting (printing stack bounds), id 0xc0000005]

Native frames: (J=compiled Java code, j=interpreted, Vv=VM code, C=native code)


Current CompileTask:
C2: 104271 13947       4       groovy.lang.MetaClassImpl$1MOPIter::methodNameAction (479 bytes)


---------------  P R O C E S S  ---------------

Java Threads: ( => current thread )
  0x000000001b6fb800 JavaThread "ForkJoinPool.commonPool-worker-3" daemon [_thread_blocked, id=11608, stack(0x0000000025e20000,0x0000000025f20000)]
  0x000000001b6fb000 JavaThread "ForkJoinPool.commonPool-worker-2" daemon [_thread_blocked, id=7528, stack(0x0000000025d20000,0x0000000025e20000)]
  0x000000001b63a000 JavaThread "ForkJoinPool.commonPool-worker-1" daemon [_thread_in_native, id=756, stack(0x0000000025600000,0x0000000025700000)]
  0x000000001b6f8800 JavaThread "Cache worker for Java compile cache (D:\Done Apps 8-10-2019\Nashmi Last Version\Android\Client\.gradle\4.6\javaCompile)" [_thread_blocked, id=8920, stack(0x0000000025500000,0x0000000025600000)]
  0x000000001b6f8000 JavaThread "Task worker for ':' Thread 3" [_thread_blocked, id=19392, stack(0x0000000024400000,0x0000000024500000)]
  0x000000001b6fa000 JavaThread "Task worker for ':' Thread 2" [_thread_blocked, id=9688, stack(0x0000000024300000,0x0000000024400000)]
  0x000000001b6f7000 JavaThread "Task worker for ':'" [_thread_blocked, id=3276, stack(0x0000000024200000,0x0000000024300000)]
  0x000000001b6f5000 JavaThread "Cache worker for Build Output Cleanup Cache (D:\Done Apps 8-10-2019\Nashmi Last Version\Android\Client\.gradle\buildOutputCleanup)" [_thread_blocked, id=19056, stack(0x0000000024100000,0x0000000024200000)]
  0x000000001b6f9800 JavaThread "Cache worker for task history cache (D:\Done Apps 8-10-2019\Nashmi Last Version\Android\Client\.gradle\4.6\taskHistory)" [_thread_blocked, id=15456, stack(0x0000000024000000,0x0000000024100000)]
  0x000000001b6f6800 JavaThread "Cache worker for file content cache (D:\Done Apps 8-10-2019\Nashmi Last Version\Android\Client\.gradle\4.6\fileContent)" [_thread_blocked, id=9976, stack(0x0000000023f00000,0x0000000024000000)]
  0x000000001b634000 JavaThread "File lock release action executor" [_thread_blocked, id=16652, stack(0x0000000022a20000,0x0000000022b20000)]
  0x000000001b639800 JavaThread "Memory manager" [_thread_blocked, id=17204, stack(0x0000000020640000,0x0000000020740000)]
  0x000000001b638800 JavaThread "Build operations Thread 4" [_thread_blocked, id=716, stack(0x000000001f0b0000,0x000000001f1b0000)]
  0x000000001b638000 JavaThread "Build operations Thread 3" [_thread_blocked, id=16784, stack(0x000000001ecf0000,0x000000001edf0000)]
  0x000000001b635000 JavaThread "Build operations Thread 2" [_thread_blocked, id=9060, stack(0x000000001ebf0000,0x000000001ecf0000)]
  0x000000001b635800 JavaThread "Build operations" [_thread_blocked, id=19652, stack(0x000000001eaf0000,0x000000001ebf0000)]
  0x000000001b637000 JavaThread "Cache worker for Artifact transforms cache (C:\Users\Ahmed\.gradle\caches\transforms-1)" [_thread_blocked, id=4140, stack(0x000000001d050000,0x000000001d150000)]
  0x000000001927c800 JavaThread "Cache worker for file hash cache (D:\Done Apps 8-10-2019\Nashmi Last Version\Android\Client\.gradle\4.6\fileHashes)" [_thread_blocked, id=17460, stack(0x000000001bd80000,0x000000001be80000)]
  0x00000000195b9000 JavaThread "File lock request listener" [_thread_in_native, id=2408, stack(0x000000001acb0000,0x000000001adb0000)]
  0x000000001946b800 JavaThread "Cache worker for file hash cache (C:\Users\Ahmed\.gradle\caches\4.6\fileHashes)" [_thread_blocked, id=1084, stack(0x000000001abb0000,0x000000001acb0000)]
  0x0000000019280000 JavaThread "Asynchronous log dispatcher for DefaultDaemonConnection: socket connection from /127.0.0.1:59500 to /127.0.0.1:59501" [_thread_blocked, id=9440, stack(0x000000001a7b0000,0x000000001a8b0000)]
  0x0000000019268800 JavaThread "Daemon worker" [_thread_blocked, id=17424, stack(0x000000001a6b0000,0x000000001a7b0000)]
  0x0000000019267000 JavaThread "Cancel handler" [_thread_blocked, id=3840, stack(0x000000001a5b0000,0x000000001a6b0000)]
  0x0000000019256000 JavaThread "Handler for socket connection from /127.0.0.1:59500 to /127.0.0.1:59501" [_thread_in_native, id=7184, stack(0x000000001a2b0000,0x000000001a3b0000)]
  0x000000001820f800 JavaThread "Daemon" [_thread_blocked, id=11228, stack(0x000000001a1b0000,0x000000001a2b0000)]
  0x0000000018208000 JavaThread "Daemon periodic checks" [_thread_blocked, id=3056, stack(0x000000001a0b0000,0x000000001a1b0000)]
  0x0000000018fa5800 JavaThread "Incoming local TCP Connector on port 59500" [_thread_in_native, id=8844, stack(0x0000000019e70000,0x0000000019f70000)]
  0x0000000017b88800 JavaThread "Service Thread" daemon [_thread_blocked, id=4760, stack(0x0000000017f60000,0x0000000018060000)]
  0x00000000161ea800 JavaThread "C1 CompilerThread2" daemon [_thread_blocked, id=10016, stack(0x0000000017a60000,0x0000000017b60000)]
=>0x00000000161e2800 JavaThread "C2 CompilerThread1" daemon [_thread_in_native, id=14536, stack(0x0000000017960000,0x0000000017a60000)]
  0x00000000161dd000 JavaThread "C2 CompilerThread0" daemon [_thread_in_native, id=8480, stack(0x0000000017860000,0x0000000017960000)]
  0x00000000161da800 JavaThread "Attach Listener" daemon [_thread_blocked, id=4628, stack(0x0000000017760000,0x0000000017860000)]
  0x00000000161d9000 JavaThread "Signal Dispatcher" daemon [_thread_blocked, id=17104, stack(0x0000000017660000,0x0000000017760000)]
  0x000000000286b000 JavaThread "Finalizer" daemon [_thread_blocked, id=18464, stack(0x0000000017470000,0x0000000017570000)]
  0x00000000161c9000 JavaThread "Reference Handler" daemon [_thread_blocked, id=15328, stack(0x0000000017370000,0x0000000017470000)]
  0x000000000276d800 JavaThread "main" [_thread_blocked, id=10532, stack(0x00000000025e0000,0x00000000026e0000)]

Other Threads:
  0x00000000161a5000 VMThread [stack: 0x0000000017270000,0x0000000017370000] [id=17876]
  0x0000000017b89000 WatcherThread [stack: 0x0000000018060000,0x0000000018160000] [id=11016]

VM state:not at safepoint (normal execution)

VM Mutex/Monitor currently owned by a thread: None

heap address: 0x00000000a0000000, size: 1536 MB, Compressed Oops mode: 32-bit
Narrow klass base: 0x0000000000000000, Narrow klass shift: 3
Compressed class space size: 1073741824 Address: 0x0000000100000000

Heap:
 PSYoungGen      total 264704K, used 122577K [0x00000000e0000000, 0x00000000f4b80000, 0x0000000100000000)
  eden space 219648K, 36% used [0x00000000e0000000,0x00000000e4e81a88,0x00000000ed680000)
  from space 45056K, 93% used [0x00000000f1f80000,0x00000000f48b2ae8,0x00000000f4b80000)
  to   space 59904K, 0% used [0x00000000ed680000,0x00000000ed680000,0x00000000f1100000)
 ParOldGen       total 194048K, used 100402K [0x00000000a0000000, 0x00000000abd80000, 0x00000000e0000000)
  object space 194048K, 51% used [0x00000000a0000000,0x00000000a620c9b8,0x00000000abd80000)
 Metaspace       used 72093K, capacity 74422K, committed 74496K, reserved 1114112K
  class space    used 9419K, capacity 9934K, committed 9984K, reserved 1048576K

Card table byte_map: [0x0000000011c30000,0x0000000011f40000] byte_map_base: 0x0000000011730000

Marking Bits: (ParMarkBitMap*) 0x0000000052139f30
 Begin Bits: [0x0000000012540000, 0x0000000013d40000)
 End Bits:   [0x0000000013d40000, 0x0000000015540000)

Polling page: 0x00000000003f0000

CodeCache: size=245760Kb used=41641Kb max_used=41876Kb free=204118Kb
 bounds [0x0000000002870000, 0x00000000051a0000, 0x0000000011870000]
 total_blobs=12101 nmethods=11278 adapters=735
 compilation: enabled

Compilation events (10 events):
Event: 104.140 Thread 0x00000000161dd000 nmethod 13948 0x0000000005188150 code [0x00000000051883a0, 0x00000000051896e8]
Event: 104.142 Thread 0x00000000161dd000 13949       4       java.beans.Introspector::decapitalize (68 bytes)
Event: 104.156 Thread 0x00000000161dd000 nmethod 13949 0x00000000037e7dd0 code [0x00000000037e7f80, 0x00000000037e85b8]
Event: 104.157 Thread 0x00000000161dd000 13953       4       sun.util.calendar.Gregorian$Date::getNormalizedYear (5 bytes)
Event: 104.158 Thread 0x00000000161dd000 nmethod 13953 0x0000000004f9d710 code [0x0000000004f9d840, 0x0000000004f9d898]
Event: 104.185 Thread 0x00000000161dd000 13954       4       com.android.apkzlib.zip.ZipField::skip (73 bytes)
Event: 104.188 Thread 0x00000000161dd000 nmethod 13954 0x0000000003ab1e10 code [0x0000000003ab1f60, 0x0000000003ab2058]
Event: 104.205 Thread 0x00000000161dd000 13955       4       sun.util.calendar.ZoneInfo::getOffsets (276 bytes)
Event: 104.210 Thread 0x00000000161dd000 nmethod 13955 0x000000000330ac10 code [0x000000000330ad60, 0x000000000330b078]
Event: 104.212 Thread 0x00000000161dd000 13956       4       java.util.GregorianCalendar::computeFields (1571 bytes)

GC Heap History (10 events):
Event: 61.967 GC heap before
{Heap before GC invocations=20 (full 3):
 PSYoungGen      total 178176K, used 164352K [0x00000000e0000000, 0x00000000ec300000, 0x0000000100000000)
  eden space 164352K, 100% used [0x00000000e0000000,0x00000000ea080000,0x00000000ea080000)
  from space 13824K, 0% used [0x00000000eb580000,0x00000000eb580000,0x00000000ec300000)
  to   space 17408K, 0% used [0x00000000ea100000,0x00000000ea100000,0x00000000eb200000)
 ParOldGen       total 92672K, used 36904K [0x00000000a0000000, 0x00000000a5a80000, 0x00000000e0000000)
  object space 92672K, 39% used [0x00000000a0000000,0x00000000a240a370,0x00000000a5a80000)
 Metaspace       used 61967K, capacity 63748K, committed 64000K, reserved 1103872K
  class space    used 8247K, capacity 8685K, committed 8704K, reserved 1048576K
Event: 62.121 GC heap after
Heap after GC invocations=20 (full 3):
 PSYoungGen      total 182272K, used 17377K [0x00000000e0000000, 0x00000000ef600000, 0x0000000100000000)
  eden space 164864K, 0% used [0x00000000e0000000,0x00000000e0000000,0x00000000ea100000)
  from space 17408K, 99% used [0x00000000ea100000,0x00000000eb1f84d8,0x00000000eb200000)
  to   space 29696K, 0% used [0x00000000ed900000,0x00000000ed900000,0x00000000ef600000)
 ParOldGen       total 92672K, used 62441K [0x00000000a0000000, 0x00000000a5a80000, 0x00000000e0000000)
  object space 92672K, 67% used [0x00000000a0000000,0x00000000a3cfa4f0,0x00000000a5a80000)
 Metaspace       used 61967K, capacity 63748K, committed 64000K, reserved 1103872K
  class space    used 8247K, capacity 8685K, committed 8704K, reserved 1048576K
}
Event: 79.965 GC heap before
{Heap before GC invocations=21 (full 3):
 PSYoungGen      total 182272K, used 182241K [0x00000000e0000000, 0x00000000ef600000, 0x0000000100000000)
  eden space 164864K, 100% used [0x00000000e0000000,0x00000000ea100000,0x00000000ea100000)
  from space 17408K, 99% used [0x00000000ea100000,0x00000000eb1f84d8,0x00000000eb200000)
  to   space 29696K, 0% used [0x00000000ed900000,0x00000000ed900000,0x00000000ef600000)
 ParOldGen       total 92672K, used 62441K [0x00000000a0000000, 0x00000000a5a80000, 0x00000000e0000000)
  object space 92672K, 67% used [0x00000000a0000000,0x00000000a3cfa4f0,0x00000000a5a80000)
 Metaspace       used 63920K, capacity 65668K, committed 65920K, reserved 1105920K
  class space    used 8366K, capacity 8813K, committed 8832K, reserved 1048576K
Event: 80.021 GC heap after
Heap after GC invocations=21 (full 3):
 PSYoungGen      total 219136K, used 25399K [0x00000000e0000000, 0x00000000ef980000, 0x0000000100000000)
  eden space 189440K, 0% used [0x00000000e0000000,0x00000000e0000000,0x00000000eb900000)
  from space 29696K, 85% used [0x00000000ed900000,0x00000000ef1cde48,0x00000000ef600000)
  to   space 32768K, 0% used [0x00000000eb900000,0x00000000eb900000,0x00000000ed900000)
 ParOldGen       total 92672K, used 62449K [0x00000000a0000000, 0x00000000a5a80000, 0x00000000e0000000)
  object space 92672K, 67% used [0x00000000a0000000,0x00000000a3cfc4f0,0x00000000a5a80000)
 Metaspace       used 63920K, capacity 65668K, committed 65920K, reserved 1105920K
  class space    used 8366K, capacity 8813K, committed 8832K, reserved 1048576K
}
Event: 86.340 GC heap before
{Heap before GC invocations=22 (full 3):
 PSYoungGen      total 219136K, used 214839K [0x00000000e0000000, 0x00000000ef980000, 0x0000000100000000)
  eden space 189440K, 100% used [0x00000000e0000000,0x00000000eb900000,0x00000000eb900000)
  from space 29696K, 85% used [0x00000000ed900000,0x00000000ef1cde48,0x00000000ef600000)
  to   space 32768K, 0% used [0x00000000eb900000,0x00000000eb900000,0x00000000ed900000)
 ParOldGen       total 92672K, used 62449K [0x00000000a0000000, 0x00000000a5a80000, 0x00000000e0000000)
  object space 92672K, 67% used [0x00000000a0000000,0x00000000a3cfc4f0,0x00000000a5a80000)
 Metaspace       used 70778K, capacity 73030K, committed 73344K, reserved 1112064K
  class space    used 9305K, capacity 9776K, committed 9856K, reserved 1048576K
Event: 86.869 GC heap after
Heap after GC invocations=22 (full 3):
 PSYoungGen      total 222208K, used 32762K [0x00000000e0000000, 0x00000000f5500000, 0x0000000100000000)
  eden space 189440K, 0% used [0x00000000e0000000,0x00000000e0000000,0x00000000eb900000)
  from space 32768K, 99% used [0x00000000eb900000,0x00000000ed8fe858,0x00000000ed900000)
  to   space 54784K, 0% used [0x00000000f1f80000,0x00000000f1f80000,0x00000000f5500000)
 ParOldGen       total 107520K, used 107036K [0x00000000a0000000, 0x00000000a6900000, 0x00000000e0000000)
  object space 107520K, 99% used [0x00000000a0000000,0x00000000a68872d0,0x00000000a6900000)
 Metaspace       used 70778K, capacity 73030K, committed 73344K, reserved 1112064K
  class space    used 9305K, capacity 9776K, committed 9856K, reserved 1048576K
}
Event: 86.869 GC heap before
{Heap before GC invocations=23 (full 4):
 PSYoungGen      total 222208K, used 32762K [0x00000000e0000000, 0x00000000f5500000, 0x0000000100000000)
  eden space 189440K, 0% used [0x00000000e0000000,0x00000000e0000000,0x00000000eb900000)
  from space 32768K, 99% used [0x00000000eb900000,0x00000000ed8fe858,0x00000000ed900000)
  to   space 54784K, 0% used [0x00000000f1f80000,0x00000000f1f80000,0x00000000f5500000)
 ParOldGen       total 107520K, used 107036K [0x00000000a0000000, 0x00000000a6900000, 0x00000000e0000000)
  object space 107520K, 99% used [0x00000000a0000000,0x00000000a68872d0,0x00000000a6900000)
 Metaspace       used 70778K, capacity 73030K, committed 73344K, reserved 1112064K
  class space    used 9305K, capacity 9776K, committed 9856K, reserved 1048576K
Event: 89.954 GC heap after
Heap after GC invocations=23 (full 4):
 PSYoungGen      total 222208K, used 0K [0x00000000e0000000, 0x00000000f5500000, 0x0000000100000000)
  eden space 189440K, 0% used [0x00000000e0000000,0x00000000e0000000,0x00000000eb900000)
  from space 32768K, 0% used [0x00000000eb900000,0x00000000eb900000,0x00000000ed900000)
  to   space 54784K, 0% used [0x00000000f1f80000,0x00000000f1f80000,0x00000000f5500000)
 ParOldGen       total 194048K, used 100394K [0x00000000a0000000, 0x00000000abd80000, 0x00000000e0000000)
  object space 194048K, 51% used [0x00000000a0000000,0x00000000a620a9b8,0x00000000abd80000)
 Metaspace       used 70773K, capacity 73016K, committed 73344K, reserved 1112064K
  class space    used 9303K, capacity 9773K, committed 9856K, reserved 1048576K
}
Event: 99.084 GC heap before
{Heap before GC invocations=24 (full 4):
 PSYoungGen      total 222208K, used 182478K [0x00000000e0000000, 0x00000000f5500000, 0x0000000100000000)
  eden space 189440K, 96% used [0x00000000e0000000,0x00000000eb233bb0,0x00000000eb900000)
  from space 32768K, 0% used [0x00000000eb900000,0x00000000eb900000,0x00000000ed900000)
  to   space 54784K, 0% used [0x00000000f1f80000,0x00000000f1f80000,0x00000000f5500000)
 ParOldGen       total 194048K, used 100394K [0x00000000a0000000, 0x00000000abd80000, 0x00000000e0000000)
  object space 194048K, 51% used [0x00000000a0000000,0x00000000a620a9b8,0x00000000abd80000)
 Metaspace       used 71034K, capacity 73256K, committed 73344K, reserved 1112064K
  class space    used 9308K, capacity 9777K, committed 9856K, reserved 1048576K
Event: 99.169 GC heap after
Heap after GC invocations=24 (full 4):
 PSYoungGen      total 264704K, used 42186K [0x00000000e0000000, 0x00000000f4b80000, 0x0000000100000000)
  eden space 219648K, 0% used [0x00000000e0000000,0x00000000e0000000,0x00000000ed680000)
  from space 45056K, 93% used [0x00000000f1f80000,0x00000000f48b2ae8,0x00000000f4b80000)
  to   space 59904K, 0% used [0x00000000ed680000,0x00000000ed680000,0x00000000f1100000)
 ParOldGen       total 194048K, used 100402K [0x00000000a0000000, 0x00000000abd80000, 0x00000000e0000000)
  object space 194048K, 51% used [0x00000000a0000000,0x00000000a620c9b8,0x00000000abd80000)
 Metaspace       used 71034K, capacity 73256K, committed 73344K, reserved 1112064K
  class space    used 9308K, capacity 9777K, committed 9856K, reserved 1048576K
}

Deoptimization events (10 events):
Event: 103.298 Thread 0x000000001b63a000 Uncommon trap: reason=bimorphic action=maybe_recompile pc=0x0000000003e81f08 method=java.nio.charset.CharsetDecoder.reset()Ljava/nio/charset/CharsetDecoder; @ 1
Event: 103.330 Thread 0x000000001b63a000 Uncommon trap: reason=bimorphic action=maybe_recompile pc=0x0000000003e81f08 method=java.nio.charset.CharsetDecoder.reset()Ljava/nio/charset/CharsetDecoder; @ 1
Event: 103.343 Thread 0x000000001b63a000 Uncommon trap: reason=bimorphic action=maybe_recompile pc=0x0000000003e81f08 method=java.nio.charset.CharsetDecoder.reset()Ljava/nio/charset/CharsetDecoder; @ 1
Event: 103.345 Thread 0x000000001b63a000 Uncommon trap: reason=bimorphic action=maybe_recompile pc=0x0000000003e81f08 method=java.nio.charset.CharsetDecoder.reset()Ljava/nio/charset/CharsetDecoder; @ 1
Event: 103.606 Thread 0x000000001b63a000 Uncommon trap: reason=class_check action=maybe_recompile pc=0x0000000003cdee04 method=com.android.apkzlib.zip.ZipField.checkVerifiesInvariants(J)V @ 25
Event: 103.886 Thread 0x000000001b63a000 Uncommon trap: reason=class_check action=maybe_recompile pc=0x0000000004c081b4 method=java.io.DataInputStream.read([BII)I @ 7
Event: 103.886 Thread 0x000000001b63a000 Uncommon trap: reason=class_check action=maybe_recompile pc=0x0000000004c081b4 method=java.io.DataInputStream.read([BII)I @ 7
Event: 103.887 Thread 0x000000001b63a000 Uncommon trap: reason=class_check action=maybe_recompile pc=0x0000000004c081b4 method=java.io.DataInputStream.read([BII)I @ 7
Event: 103.888 Thread 0x000000001b63a000 Uncommon trap: reason=unstable_if action=reinterpret pc=0x000000000313ab24 method=sun.util.calendar.BaseCalendar.getFixedDate(IIILsun/util/calendar/BaseCalendar$Date;)J @ 2
Event: 103.965 Thread 0x000000001b63a000 Uncommon trap: reason=class_check action=maybe_recompile pc=0x0000000003cdee04 method=com.android.apkzlib.zip.ZipField.checkVerifiesInvariants(J)V @ 25

Classes redefined (0 events):
No events

Internal exceptions (10 events):
Event: 81.726 Thread 0x000000001b6fa000 Exception <a 'sun/nio/fs/WindowsException'> (0x00000000e25fe290) thrown at [D:\src\AOSP-openjdk-cygwin\jdk8u\hotspot\src\share\vm\prims\jni.cpp, line 710]
Event: 82.985 Thread 0x000000001b6fa000 Exception <a 'sun/nio/fs/WindowsException'> (0x00000000e389bab0) thrown at [D:\src\AOSP-openjdk-cygwin\jdk8u\hotspot\src\share\vm\prims\jni.cpp, line 710]
Event: 84.487 Thread 0x000000001b63a000 Exception <a 'sun/nio/fs/WindowsException'> (0x00000000e5a70fd0) thrown at [D:\src\AOSP-openjdk-cygwin\jdk8u\hotspot\src\share\vm\prims\jni.cpp, line 710]
Event: 85.274 Thread 0x000000001b6fb800 Implicit null exception at 0x00000000034783ef to 0x00000000034784dd
Event: 95.206 Thread 0x000000001b63a000 Implicit null exception at 0x0000000003ff60a9 to 0x0000000003ff6235
Event: 101.762 Thread 0x000000001b6fb800 Exception <a 'sun/nio/fs/WindowsException'> (0x00000000e213b3a0) thrown at [D:\src\AOSP-openjdk-cygwin\jdk8u\hotspot\src\share\vm\prims\jni.cpp, line 710]
Event: 103.249 Thread 0x000000001b63a000 Exception <a 'java/io/FileNotFoundException'> (0x00000000e33b7b90) thrown at [D:\src\AOSP-openjdk-cygwin\jdk8u\hotspot\src\share\vm\prims\jni.cpp, line 710]
Event: 103.856 Thread 0x000000001b63a000 Exception <a 'java/lang/NoSuchMethodError': java.lang.Object.lambda$asRunnable$0(Lcom/android/apkzlib/utils/IOExceptionRunnable;)V> (0x00000000e46c3138) thrown at [D:\src\AOSP-openjdk-cygwin\jdk8u\hotspot\src\share\vm\interpreter\linkResolver.cpp, line 62
Event: 103.932 Thread 0x000000001b63a000 Exception <a 'java/lang/ClassNotFoundException': org/gradle/api/plugins/JavaPluginConventionBeanInfo> (0x00000000e47b5348) thrown at [D:\src\AOSP-openjdk-cygwin\jdk8u\hotspot\src\share\vm\classfile\systemDictionary.cpp, line 210]
Event: 103.935 Thread 0x000000001b63a000 Exception <a 'java/lang/ClassNotFoundException': org/gradle/api/plugins/JavaPluginConventionCustomizer> (0x00000000e47efc50) thrown at [D:\src\AOSP-openjdk-cygwin\jdk8u\hotspot\src\share\vm\classfile\systemDictionary.cpp, line 210]

Events (10 events):
Event: 104.210 Thread 0x00000000161dd000 flushing nmethod 0x000000000416de50
Event: 104.210 Thread 0x00000000161dd000 flushing nmethod 0x00000000041978d0
Event: 104.211 Thread 0x00000000161dd000 flushing nmethod 0x0000000004233e90
Event: 104.211 Thread 0x00000000161dd000 flushing nmethod 0x00000000042ab9d0
Event: 104.211 Thread 0x00000000161dd000 flushing nmethod 0x000000000430b4d0
Event: 104.211 Thread 0x00000000161dd000 flushing nmethod 0x000000000434ae90
Event: 104.212 Thread 0x00000000161dd000 flushing nmethod 0x00000000043750d0
Event: 104.212 Thread 0x00000000161dd000 flushing nmethod 0x0000000004384950
Event: 104.212 Thread 0x00000000161dd000 flushing nmethod 0x00000000043a5e10
Event: 104.212 Thread 0x00000000161dd000 flushing nmethod 0x00000000043a6dd0


Dynamic libraries:
0x00007ff7e6e90000 - 0x00007ff7e6ec1000 	C:\Program Files\Android\Android Studio\jre\bin\java.exe
0x00007ffcb96c0000 - 0x00007ffcb98a1000 	C:\WINDOWS\SYSTEM32\ntdll.dll
0x00007ffcb6c90000 - 0x00007ffcb6d41000 	C:\WINDOWS\System32\KERNEL32.DLL
0x00007ffcb6470000 - 0x00007ffcb66e3000 	C:\WINDOWS\System32\KERNELBASE.dll
0x00007ffcb8a00000 - 0x00007ffcb8aa1000 	C:\WINDOWS\System32\ADVAPI32.dll
0x00007ffcb9260000 - 0x00007ffcb92fe000 	C:\WINDOWS\System32\msvcrt.dll
0x00007ffcb90d0000 - 0x00007ffcb912b000 	C:\WINDOWS\System32\sechost.dll
0x00007ffcb9130000 - 0x00007ffcb9254000 	C:\WINDOWS\System32\RPCRT4.dll
0x00007ffcb6fc0000 - 0x00007ffcb7151000 	C:\WINDOWS\System32\USER32.dll
0x00007ffcb6b10000 - 0x00007ffcb6b30000 	C:\WINDOWS\System32\win32u.dll
0x00007ffcb87d0000 - 0x00007ffcb87f8000 	C:\WINDOWS\System32\GDI32.dll
0x00007ffcb68c0000 - 0x00007ffcb6a51000 	C:\WINDOWS\System32\gdi32full.dll
0x00007ffcb66f0000 - 0x00007ffcb678f000 	C:\WINDOWS\System32\msvcp_win.dll
0x00007ffcb6370000 - 0x00007ffcb6468000 	C:\WINDOWS\System32\ucrtbase.dll
0x00007ffca1200000 - 0x00007ffca1469000 	C:\WINDOWS\WinSxS\amd64_microsoft.windows.common-controls_6595b64144ccf1df_6.0.17134.1130_none_d3ff42617c90becf\COMCTL32.dll
0x00007ffcb9300000 - 0x00007ffcb9621000 	C:\WINDOWS\System32\combase.dll
0x00007ffcb6840000 - 0x00007ffcb68b9000 	C:\WINDOWS\System32\bcryptPrimitives.dll
0x00007ffcb8c50000 - 0x00007ffcb8c7d000 	C:\WINDOWS\System32\IMM32.DLL
0x0000000052210000 - 0x00000000522e2000 	C:\Program Files\Android\Android Studio\jre\jre\bin\msvcr100.dll
0x0000000051970000 - 0x00000000521b6000 	C:\Program Files\Android\Android Studio\jre\jre\bin\server\jvm.dll
0x00007ffcb8c40000 - 0x00007ffcb8c48000 	C:\WINDOWS\System32\PSAPI.DLL
0x00007ffca3bf0000 - 0x00007ffca3bf9000 	C:\WINDOWS\SYSTEM32\WSOCK32.dll
0x00007ffca96d0000 - 0x00007ffca96da000 	C:\WINDOWS\SYSTEM32\VERSION.dll
0x00007ffcb1000000 - 0x00007ffcb1023000 	C:\WINDOWS\SYSTEM32\WINMM.dll
0x00007ffcb6c20000 - 0x00007ffcb6c8c000 	C:\WINDOWS\System32\WS2_32.dll
0x00007ffcb0fd0000 - 0x00007ffcb0ffa000 	C:\WINDOWS\SYSTEM32\winmmbase.dll
0x00007ffcb6a60000 - 0x00007ffcb6aa9000 	C:\WINDOWS\System32\cfgmgr32.dll
0x00007ffc9d890000 - 0x00007ffc9d89f000 	C:\Program Files\Android\Android Studio\jre\jre\bin\verify.dll
0x00007ffc88d00000 - 0x00007ffc88d29000 	C:\Program Files\Android\Android Studio\jre\jre\bin\java.dll
0x00007ffc8a700000 - 0x00007ffc8a716000 	C:\Program Files\Android\Android Studio\jre\jre\bin\zip.dll
0x00007ffcb7200000 - 0x00007ffcb8645000 	C:\WINDOWS\System32\SHELL32.dll
0x00007ffcb8720000 - 0x00007ffcb87c9000 	C:\WINDOWS\System32\shcore.dll
0x00007ffcb5c60000 - 0x00007ffcb6370000 	C:\WINDOWS\System32\windows.storage.dll
0x00007ffcb9630000 - 0x00007ffcb9681000 	C:\WINDOWS\System32\shlwapi.dll
0x00007ffcb5a10000 - 0x00007ffcb5a21000 	C:\WINDOWS\System32\kernel.appcore.dll
0x00007ffcb5a30000 - 0x00007ffcb5a4f000 	C:\WINDOWS\System32\profapi.dll
0x00007ffcb59b0000 - 0x00007ffcb59fc000 	C:\WINDOWS\System32\powrprof.dll
0x00007ffcb5a00000 - 0x00007ffcb5a0a000 	C:\WINDOWS\System32\FLTLIB.DLL
0x00007ffc893b0000 - 0x00007ffc893ca000 	C:\Program Files\Android\Android Studio\jre\jre\bin\net.dll
0x00007ffcb51d0000 - 0x00007ffcb5236000 	C:\WINDOWS\system32\mswsock.dll
0x00007ffc89170000 - 0x00007ffc89181000 	C:\Program Files\Android\Android Studio\jre\jre\bin\nio.dll
0x00007ffc9f900000 - 0x00007ffc9f91e000 	C:\Users\Ahmed\.gradle\native\25\windows-amd64\native-platform.dll
0x00007ffc9bb00000 - 0x00007ffc9bb0d000 	C:\Program Files\Android\Android Studio\jre\jre\bin\management.dll
0x00007ffcb5380000 - 0x00007ffcb5397000 	C:\WINDOWS\SYSTEM32\CRYPTSP.dll
0x00007ffcb4d80000 - 0x00007ffcb4db3000 	C:\WINDOWS\system32\rsaenh.dll
0x00007ffcb54b0000 - 0x00007ffcb54d5000 	C:\WINDOWS\SYSTEM32\bcrypt.dll
0x00007ffcb58b0000 - 0x00007ffcb58d8000 	C:\WINDOWS\SYSTEM32\USERENV.dll
0x00007ffcb53a0000 - 0x00007ffcb53ab000 	C:\WINDOWS\SYSTEM32\CRYPTBASE.dll
0x00007ffcb4f20000 - 0x00007ffcb4f58000 	C:\WINDOWS\SYSTEM32\IPHLPAPI.DLL
0x00007ffcb8c30000 - 0x00007ffcb8c38000 	C:\WINDOWS\System32\NSI.dll
0x00007ffcab820000 - 0x00007ffcab836000 	C:\WINDOWS\SYSTEM32\dhcpcsvc6.DLL
0x00007ffcabf00000 - 0x00007ffcabf1a000 	C:\WINDOWS\SYSTEM32\dhcpcsvc.DLL

VM Arguments:
jvm_args: -Xmx1536m -Dfile.encoding=windows-1252 -Duser.country=US -Duser.language=en -Duser.variant 
java_command: org.gradle.launcher.daemon.bootstrap.GradleDaemon 4.6
java_class_path (initial): C:\Users\Ahmed\.gradle\wrapper\dists\gradle-4.6-all\bcst21l2brirad8k2ben1letg\gradle-4.6\lib\gradle-launcher-4.6.jar
Launcher Type: SUN_STANDARD

Environment Variables:
PATH=C:\wamp64\bin\mysql\mysql5.7.24\bin;C:\Program Files (x86)\Common Files\Intel\Shared Libraries\redist\intel64\compiler;C:\Program Files (x86)\Common Files\Oracle\Java\javapath;C:\WINDOWS\system32;C:\WINDOWS;C:\WINDOWS\System32\Wbem;C:\WINDOWS\System32\WindowsPowerShell\v1.0\;C:\Program Files\PuTTY\;C:\WINDOWS\System32\OpenSSH\;C:\Program Files\nodejs\;C:\wamp64\bin\php\php5.6.40;C:\composer;C:\Users\Ahmed\AppData\Local\Microsoft\WindowsApps;C:\Users\Ahmed\AppData\Roaming\npm;C:\Users\Ahmed\AppData\Roaming\Composer\vendor\bin;C:\adb;C:\Program Files\Dart\dart-sdk\bin;C:\Users\Ahmed\AppData\Local\Microsoft\WindowsApps;C:\Users\Ahmed\AppData\Roaming\npm;C:\Users\Ahmed\AppData\Roaming\Composer\vendor\bin;C:\wamp64\bin\mysql\mysql5.7.24\bin;C:\flutter\bin;;D:\IntelliJ IDEA 2019.2.3\bin;
USERNAME=Ahmed
OS=Windows_NT
PROCESSOR_IDENTIFIER=Intel64 Family 6 Model 58 Stepping 9, GenuineIntel



---------------  S Y S T E M  ---------------

OS: Windows 10.0 , 64 bit Build 17134 (10.0.17134.753)

CPU:total 4 (initial active 4) (2 cores per cpu, 2 threads per core) family 6 model 58 stepping 9, cmov, cx8, fxsr, mmx, sse, sse2, sse3, ssse3, sse4.1, sse4.2, popcnt, avx, clmul, erms, ht, tsc, tscinvbit, tscinv

Memory: 4k page, physical 3984992k(539640k free), swap 10741924k(6152k free)

vm_info: OpenJDK 64-Bit Server VM (25.202-b03) for windows-amd64 JRE (1.8.0_202-release-1483-b03), built by "builder" with MS VC++ 10.0 (VS2010)

time: Thu Dec 12 05:58:02 2019
timezone: Egypt Standard Time
elapsed time: 104 seconds (0d 0h 1m 44s)

